0 info it worked if it ends with ok
1 verbose cli [ '/Users/jpmazza/.nvm/versions/node/v5.0.0/bin/node',
1 verbose cli   '/Users/jpmazza/.nvm/versions/node/v5.0.0/bin/npm',
1 verbose cli   'start' ]
2 info using npm@3.3.6
3 info using node@v5.0.0
4 verbose run-script [ 'prestart', 'start', 'poststart' ]
5 info lifecycle distribot-web@0.1.0~prestart: distribot-web@0.1.0
6 verbose lifecycle distribot-web@0.1.0~prestart: unsafe-perm in lifecycle true
7 verbose lifecycle distribot-web@0.1.0~prestart: PATH: /Users/jpmazza/.nvm/versions/node/v5.0.0/lib/node_modules/npm/bin/node-gyp-bin:/Users/jpmazza/Desktop/distribot-web/node_modules/.bin:/Users/jpmazza/.nvm/versions/node/v5.0.0/bin:/usr/local/bin:/usr/bin:/bin:/usr/sbin:/sbin:/usr/local/share/dotnet:/Library/Frameworks/Mono.framework/Versions/Current/Commands
8 verbose lifecycle distribot-web@0.1.0~prestart: CWD: /Users/jpmazza/Desktop/distribot-web
9 silly lifecycle distribot-web@0.1.0~prestart: Args: [ '-c', 'npm-run-all --parallel start-message remove-dist' ]
10 silly lifecycle distribot-web@0.1.0~prestart: Returned: code: 0  signal: null
11 info lifecycle distribot-web@0.1.0~start: distribot-web@0.1.0
12 verbose lifecycle distribot-web@0.1.0~start: unsafe-perm in lifecycle true
13 verbose lifecycle distribot-web@0.1.0~start: PATH: /Users/jpmazza/.nvm/versions/node/v5.0.0/lib/node_modules/npm/bin/node-gyp-bin:/Users/jpmazza/Desktop/distribot-web/node_modules/.bin:/Users/jpmazza/.nvm/versions/node/v5.0.0/bin:/usr/local/bin:/usr/bin:/bin:/usr/sbin:/sbin:/usr/local/share/dotnet:/Library/Frameworks/Mono.framework/Versions/Current/Commands
14 verbose lifecycle distribot-web@0.1.0~start: CWD: /Users/jpmazza/Desktop/distribot-web
15 silly lifecycle distribot-web@0.1.0~start: Args: [ '-c',
15 silly lifecycle   'npm-run-all --parallel test:watch open:src lint:watch' ]
16 silly lifecycle distribot-web@0.1.0~start: Returned: code: 1  signal: null
17 info lifecycle distribot-web@0.1.0~start: Failed to exec start script
18 verbose stack Error: distribot-web@0.1.0 start: `npm-run-all --parallel test:watch open:src lint:watch`
18 verbose stack Exit status 1
18 verbose stack     at EventEmitter.<anonymous> (/Users/jpmazza/.nvm/versions/node/v5.0.0/lib/node_modules/npm/lib/utils/lifecycle.js:233:16)
18 verbose stack     at emitTwo (events.js:87:13)
18 verbose stack     at EventEmitter.emit (events.js:172:7)
18 verbose stack     at ChildProcess.<anonymous> (/Users/jpmazza/.nvm/versions/node/v5.0.0/lib/node_modules/npm/lib/utils/spawn.js:24:14)
18 verbose stack     at emitTwo (events.js:87:13)
18 verbose stack     at ChildProcess.emit (events.js:172:7)
18 verbose stack     at maybeClose (internal/child_process.js:818:16)
18 verbose stack     at Process.ChildProcess._handle.onexit (internal/child_process.js:211:5)
19 verbose pkgid distribot-web@0.1.0
20 verbose cwd /Users/jpmazza/Desktop/distribot-web
21 error Darwin 15.4.0
22 error argv "/Users/jpmazza/.nvm/versions/node/v5.0.0/bin/node" "/Users/jpmazza/.nvm/versions/node/v5.0.0/bin/npm" "start"
23 error node v5.0.0
24 error npm  v3.3.6
25 error code ELIFECYCLE
26 error distribot-web@0.1.0 start: `npm-run-all --parallel test:watch open:src lint:watch`
26 error Exit status 1
27 error Failed at the distribot-web@0.1.0 start script 'npm-run-all --parallel test:watch open:src lint:watch'.
27 error This is most likely a problem with the distribot-web package,
27 error not with npm itself.
27 error Tell the author that this fails on your system:
27 error     npm-run-all --parallel test:watch open:src lint:watch
27 error You can get their info via:
27 error     npm owner ls distribot-web
27 error There is likely additional logging output above.
28 verbose exit [ 1, true ]
